0 info it worked if it ends with ok
1 verbose cli [ '/usr/bin/nodejs',
1 verbose cli   '/home/skaxwng/npm/bin/npm',
1 verbose cli   'run',
1 verbose cli   'lint',
1 verbose cli   '--',
1 verbose cli   '--fix' ]
2 info using npm@3.7.4
3 info using node@v4.3.1
4 verbose run-script [ 'prelint', 'lint', 'postlint' ]
5 info lifecycle react-explorer@0.0.1~prelint: react-explorer@0.0.1
6 silly lifecycle react-explorer@0.0.1~prelint: no script for prelint, continuing
7 info lifecycle react-explorer@0.0.1~lint: react-explorer@0.0.1
8 verbose lifecycle react-explorer@0.0.1~lint: unsafe-perm in lifecycle true
9 verbose lifecycle react-explorer@0.0.1~lint: PATH: /home/skaxwng/npm/lib/node_modules/npm/bin/node-gyp-bin:/home/skaxwng/code/react-explorer/app/node_modules/.bin:/usr/bin:/home/skaxwng/Android/Sdk/platform-tools:/home/skaxwng/Android/Sdk/tools:/home/skaxwng/npm/bin:/usr/local/sbin:/usr/local/bin:/usr/sbin:/usr/bin:/sbin:/bin:/usr/games:/usr/local/games:/usr/lib/jvm/java-8-oracle/jre/bin
10 verbose lifecycle react-explorer@0.0.1~lint: CWD: /home/skaxwng/code/react-explorer/app
11 silly lifecycle react-explorer@0.0.1~lint: Args: [ '-c',
11 silly lifecycle   'eslint ./lib ./client ./server --ext .js --ext .jsx "--fix"' ]
12 silly lifecycle react-explorer@0.0.1~lint: Returned: code: 1  signal: null
13 info lifecycle react-explorer@0.0.1~lint: Failed to exec lint script
14 verbose stack Error: react-explorer@0.0.1 lint: `eslint ./lib ./client ./server --ext .js --ext .jsx "--fix"`
14 verbose stack Exit status 1
14 verbose stack     at EventEmitter.<anonymous> (/home/skaxwng/npm/lib/node_modules/npm/lib/utils/lifecycle.js:239:16)
14 verbose stack     at emitTwo (events.js:87:13)
14 verbose stack     at EventEmitter.emit (events.js:172:7)
14 verbose stack     at ChildProcess.<anonymous> (/home/skaxwng/npm/lib/node_modules/npm/lib/utils/spawn.js:24:14)
14 verbose stack     at emitTwo (events.js:87:13)
14 verbose stack     at ChildProcess.emit (events.js:172:7)
14 verbose stack     at maybeClose (internal/child_process.js:821:16)
14 verbose stack     at Process.ChildProcess._handle.onexit (internal/child_process.js:211:5)
15 verbose pkgid react-explorer@0.0.1
16 verbose cwd /home/skaxwng/code/react-explorer/app
17 error Linux 3.13.0-79-generic
18 error argv "/usr/bin/nodejs" "/home/skaxwng/npm/bin/npm" "run" "lint" "--" "--fix"
19 error node v4.3.1
20 error npm  v3.7.4
21 error code ELIFECYCLE
22 error react-explorer@0.0.1 lint: `eslint ./lib ./client ./server --ext .js --ext .jsx "--fix"`
22 error Exit status 1
23 error Failed at the react-explorer@0.0.1 lint script 'eslint ./lib ./client ./server --ext .js --ext .jsx "--fix"'.
23 error Make sure you have the latest version of node.js and npm installed.
23 error If you do, this is most likely a problem with the react-explorer package,
23 error not with npm itself.
23 error Tell the author that this fails on your system:
23 error     eslint ./lib ./client ./server --ext .js --ext .jsx "--fix"
23 error You can get information on how to open an issue for this project with:
23 error     npm bugs react-explorer
23 error Or if that isn't available, you can get their info via:
23 error     npm owner ls react-explorer
23 error There is likely additional logging output above.
24 verbose exit [ 1, true ]
